[debug] [2021-08-28T07:16:22.325Z] ----------------------------------------------------------------------
[debug] [2021-08-28T07:16:22.327Z] Command:       C:\Program Files\nodejs\node.exe C:\Users\jhanvi\AppData\Roaming\npm\firebase\node_modules\firebase-tools\bin\firebase init
[debug] [2021-08-28T07:16:22.327Z] CLI Version:   3.17.2
[debug] [2021-08-28T07:16:22.327Z] Platform:      win32
[debug] [2021-08-28T07:16:22.327Z] Node Version:  v10.16.0
[debug] [2021-08-28T07:16:22.327Z] Time:          Sat Aug 28 2021 12:46:22 GMT+0530 (India Standard Time)
[debug] [2021-08-28T07:16:22.327Z] ----------------------------------------------------------------------
[debug] 
[debug] [2021-08-28T07:16:22.336Z] > command requires scopes: ["email","openid","https://www.googleapis.com/auth/cloudplatformprojects.readonly","https://www.googleapis.com/auth/firebase"]
[debug] [2021-08-28T07:16:22.336Z] > authorizing via signed-in user
[info] 
     ######## #### ########  ######## ########     ###     ######  ########
     ##        ##  ##     ## ##       ##     ##  ##   ##  ##       ##
     ######    ##  ########  ######   ########  #########  ######  ######
     ##        ##  ##    ##  ##       ##     ## ##     ##       ## ##
     ##       #### ##     ## ######## ########  ##     ##  ######  ########

You're about to initialize a Firebase project in this directory:

  C:\Users\jhanvi\amazon-clone

Before we get started, keep in mind:

  * You are initializing in an existing Firebase project directory

[info] 
=== Project Setup
[info] 
[info] First, let's associate this project directory with a Firebase project.
[info] You can create multiple project aliases by running firebase use --add, 
[info] but for now we'll just set up a default project.
[info] 
[debug] [2021-08-28T07:16:34.361Z] >>> HTTP REQUEST GET https://admin.firebase.com/v1/projects  
  
 Sat Aug 28 2021 12:46:34 GMT+0530 (India Standard Time)
[debug] [2021-08-28T07:16:55.874Z] Error: connect ETIMEDOUT 104.197.85.31:443
    at TCPConnectWrap.afterConnect [as oncomplete] (net.js:1106:14)
[error] 
[error] Error: Server Error. connect ETIMEDOUT 104.197.85.31:443
[debug] [2021-08-28T07:35:47.641Z] ----------------------------------------------------------------------
[debug] [2021-08-28T07:35:47.643Z] Command:       C:\Program Files\nodejs\node.exe C:\Users\jhanvi\AppData\Roaming\npm\firebase\node_modules\firebase-tools\bin\firebase init
[debug] [2021-08-28T07:35:47.643Z] CLI Version:   3.17.2
[debug] [2021-08-28T07:35:47.643Z] Platform:      win32
[debug] [2021-08-28T07:35:47.643Z] Node Version:  v10.16.0
[debug] [2021-08-28T07:35:47.644Z] Time:          Sat Aug 28 2021 13:05:47 GMT+0530 (India Standard Time)
[debug] [2021-08-28T07:35:47.644Z] ----------------------------------------------------------------------
[debug] 
[debug] [2021-08-28T07:35:47.653Z] > command requires scopes: ["email","openid","https://www.googleapis.com/auth/cloudplatformprojects.readonly","https://www.googleapis.com/auth/firebase"]
[debug] [2021-08-28T07:35:47.653Z] > authorizing via signed-in user
[info] 
     ######## #### ########  ######## ########     ###     ######  ########
     ##        ##  ##     ## ##       ##     ##  ##   ##  ##       ##
     ######    ##  ########  ######   ########  #########  ######  ######
     ##        ##  ##    ##  ##       ##     ## ##     ##       ## ##
     ##       #### ##     ## ######## ########  ##     ##  ######  ########

You're about to initialize a Firebase project in this directory:

  C:\Users\jhanvi\amazon-clone

Before we get started, keep in mind:

  * You are initializing in an existing Firebase project directory

[info] 
=== Project Setup
[info] 
[info] First, let's associate this project directory with a Firebase project.
[info] You can create multiple project aliases by running firebase use --add, 
[info] but for now we'll just set up a default project.
[info] 
[debug] [2021-08-28T07:35:54.680Z] >>> HTTP REQUEST GET https://admin.firebase.com/v1/projects  
  
 Sat Aug 28 2021 13:05:54 GMT+0530 (India Standard Time)
[debug] [2021-08-28T07:36:16.369Z] Error: connect ETIMEDOUT 104.197.85.31:443
    at TCPConnectWrap.afterConnect [as oncomplete] (net.js:1106:14)
[error] 
[error] Error: Server Error. connect ETIMEDOUT 104.197.85.31:443
[debug] [2021-08-28T08:08:53.659Z] ----------------------------------------------------------------------
[debug] [2021-08-28T08:08:53.660Z] Command:       C:\Program Files\nodejs\node.exe C:\Users\jhanvi\AppData\Roaming\npm\node_modules\firebase-tools\lib\bin\firebase.js init
[debug] [2021-08-28T08:08:53.661Z] CLI Version:   9.16.6
[debug] [2021-08-28T08:08:53.661Z] Platform:      win32
[debug] [2021-08-28T08:08:53.661Z] Node Version:  v14.17.5
[debug] [2021-08-28T08:08:53.661Z] Time:          Sat Aug 28 2021 13:38:53 GMT+0530 (India Standard Time)
[debug] [2021-08-28T08:08:53.662Z] ----------------------------------------------------------------------
[debug] 
[debug] [2021-08-28T08:08:53.663Z] >>> [apiv2][query] GET https://firebase-public.firebaseio.com/cli.json [none]
[debug] [2021-08-28T08:08:53.743Z] > command requires scopes: ["email","openid","https://www.googleapis.com/auth/cloudplatformprojects.readonly","https://www.googleapis.com/auth/firebase","https://www.googleapis.com/auth/cloud-platform"]
[debug] [2021-08-28T08:08:53.743Z] > authorizing via signed-in user (lathiajhanvi@gmail.com)
[info] 
     ######## #### ########  ######## ########     ###     ######  ########
     ##        ##  ##     ## ##       ##     ##  ##   ##  ##       ##
     ######    ##  ########  ######   ########  #########  ######  ######
     ##        ##  ##    ##  ##       ##     ## ##     ##       ## ##
     ##       #### ##     ## ######## ########  ##     ##  ######  ########

You're about to initialize a Firebase project in this directory:

  C:\Users\jhanvi\amazon-clone

Before we get started, keep in mind:

  * You are initializing within an existing Firebase project directory

[debug] [2021-08-28T08:08:54.626Z] <<< [apiv2][status] GET https://firebase-public.firebaseio.com/cli.json 200
[debug] [2021-08-28T08:08:54.626Z] <<< [apiv2][body] GET https://firebase-public.firebaseio.com/cli.json {"cloudBuildErrorAfter":1594252800000,"cloudBuildWarnAfter":1590019200000,"defaultNode10After":1594252800000,"minVersion":"3.0.5","node8DeploysDisabledAfter":1613390400000,"node8RuntimeDisabledAfter":1615809600000,"node8WarnAfter":1600128000000}
[info] 
=== Project Setup
[info] 
[info] First, let's associate this project directory with a Firebase project.
[info] You can create multiple project aliases by running firebase use --add, 
[info] but for now we'll just set up a default project.
[info] 
[info] i  .firebaserc already has a default project, using clone-f7e57. 
[debug] [2021-08-28T08:08:59.769Z] > refreshing access token with scopes: []
[debug] [2021-08-28T08:08:59.770Z] >>> HTTP REQUEST POST https://www.googleapis.com/oauth2/v3/token  
 <request body omitted>
[debug] [2021-08-28T08:09:00.009Z] <<< HTTP RESPONSE 200 {"cache-control":"no-cache, no-store, max-age=0, must-revalidate","expires":"Mon, 01 Jan 1990 00:00:00 GMT","date":"Sat, 28 Aug 2021 08:08:59 GMT","pragma":"no-cache","content-type":"application/json; charset=utf-8","vary":"X-Origin, Referer, Origin,Accept-Encoding","server":"scaffolding on HTTPServer2","x-xss-protection":"0","x-frame-options":"SAMEORIGIN","x-content-type-options":"nosniff","alt-svc":"h3=\":443\"; ma=2592000,h3-29=\":443\"; ma=2592000,h3-T051=\":443\"; ma=2592000,h3-Q050=\":443\"; ma=2592000,h3-Q046=\":443\"; ma=2592000,h3-Q043=\":443\"; ma=2592000,quic=\":443\"; ma=2592000; v=\"46,43\"","accept-ranges":"none","transfer-encoding":"chunked"}
[debug] [2021-08-28T08:09:00.021Z] >>> [apiv2][query] GET https://firebase.googleapis.com/v1beta1/projects/clone-f7e57 [none]
[debug] [2021-08-28T08:09:00.616Z] <<< [apiv2][status] GET https://firebase.googleapis.com/v1beta1/projects/clone-f7e57 403
[debug] [2021-08-28T08:09:00.616Z] <<< [apiv2][body] GET https://firebase.googleapis.com/v1beta1/projects/clone-f7e57 {"error":{"code":403,"message":"The caller does not have permission","status":"PERMISSION_DENIED"}}
[debug] [2021-08-28T08:09:00.617Z] HTTP Error: 403, The caller does not have permission
[debug] [2021-08-28T08:09:00.811Z] FirebaseError: HTTP Error: 403, The caller does not have permission
    at module.exports (C:\Users\jhanvi\AppData\Roaming\npm\node_modules\firebase-tools\lib\responseToError.js:38:12)
    at Client.doRequest (C:\Users\jhanvi\AppData\Roaming\npm\node_modules\firebase-tools\lib\apiv2.js:238:23)
    at processTicksAndRejections (internal/process/task_queues.js:95:5)
    at async Client.request (C:\Users\jhanvi\AppData\Roaming\npm\node_modules\firebase-tools\lib\apiv2.js:96:20)
    at async Object.getFirebaseProject (C:\Users\jhanvi\AppData\Roaming\npm\node_modules\firebase-tools\lib\management\projects.js:290:21)
    at async Object.doSetup [as project] (C:\Users\jhanvi\AppData\Roaming\npm\node_modules\firebase-tools\lib\init\features\project.js:77:27)
    at async init (C:\Users\jhanvi\AppData\Roaming\npm\node_modules\firebase-tools\lib\init\index.js:19:9)
[error] 
[error] Error: Failed to get Firebase project clone-f7e57. Please make sure the project exists and your account has permission to access it.
[debug] [2021-08-28T08:09:17.550Z] ----------------------------------------------------------------------
[debug] [2021-08-28T08:09:17.552Z] Command:       C:\Program Files\nodejs\node.exe C:\Users\jhanvi\AppData\Roaming\npm\node_modules\firebase-tools\lib\bin\firebase.js init
[debug] [2021-08-28T08:09:17.552Z] CLI Version:   9.16.6
[debug] [2021-08-28T08:09:17.552Z] Platform:      win32
[debug] [2021-08-28T08:09:17.552Z] Node Version:  v14.17.5
[debug] [2021-08-28T08:09:17.552Z] Time:          Sat Aug 28 2021 13:39:17 GMT+0530 (India Standard Time)
[debug] [2021-08-28T08:09:17.553Z] ----------------------------------------------------------------------
[debug] 
[debug] [2021-08-28T08:09:17.602Z] > command requires scopes: ["email","openid","https://www.googleapis.com/auth/cloudplatformprojects.readonly","https://www.googleapis.com/auth/firebase","https://www.googleapis.com/auth/cloud-platform"]
[debug] [2021-08-28T08:09:17.603Z] > authorizing via signed-in user (lathiajhanvi@gmail.com)
[info] 
     ######## #### ########  ######## ########     ###     ######  ########
     ##        ##  ##     ## ##       ##     ##  ##   ##  ##       ##
     ######    ##  ########  ######   ########  #########  ######  ######
     ##        ##  ##    ##  ##       ##     ## ##     ##       ## ##
     ##       #### ##     ## ######## ########  ##     ##  ######  ########

You're about to initialize a Firebase project in this directory:

  C:\Users\jhanvi\amazon-clone

Before we get started, keep in mind:

  * You are initializing within an existing Firebase project directory

